Using pre-set license
Built from '2020.2/staging' branch; Version is '2020.2.7f1 (c53830e277f1) revision 12924976'; Using compiler version '192528614'; Build Type 'Release'
OS: 'Windows 10 Pro; OS build 19043.1165; Version 2009; 64bit' Language: 'en' Physical Memory: 32691 MB
BatchMode: 1, IsHumanControllingUs: 0, StartBugReporterOnCrash: 0, Is64bit: 1, IsPro: 0

 COMMAND LINE ARGUMENTS:
H:\Unity 2019\2020.2.7f1\Editor\Unity.exe
-adb2
-batchMode
-noUpm
-name
AssetImportWorker0
-projectPath
H:/proiectscoalaunity/unityprojecttest/unitytest/New Unity Project
-logFile
Logs/AssetImportWorker0.log
-srvPort
57907
Successfully changed project path to: H:/proiectscoalaunity/unityprojecttest/unitytest/New Unity Project
H:/proiectscoalaunity/unityprojecttest/unitytest/New Unity Project
Using Asset Import Pipeline V2.
Refreshing native plugins compatible for Editor in 35.76 ms, found 0 plugins.
Preloading 0 native plugins for Editor in 0.00 ms.
Initialize engine version: 2020.2.7f1 (c53830e277f1)
[Subsystems] Discovering subsystems at path H:/Unity 2019/2020.2.7f1/Editor/Data/Resources/UnitySubsystems
[Subsystems] Discovering subsystems at path H:/proiectscoalaunity/unityprojecttest/unitytest/New Unity Project/Assets
GfxDevice: creating device client; threaded=0
Direct3D:
    Version:  Direct3D 11.0 [level 11.1]
    Renderer: NVIDIA GeForce GTX 1070 Ti (ID=0x1b82)
    Vendor:   
    VRAM:     8079 MB
    Driver:   27.21.14.5751
Initialize mono
Mono path[0] = 'H:/Unity 2019/2020.2.7f1/Editor/Data/Managed'
Mono path[1] = 'H:/Unity 2019/2020.2.7f1/Editor/Data/MonoBleedingEdge/lib/mono/unityjit'
Mono config path = 'H:/Unity 2019/2020.2.7f1/Editor/Data/MonoBleedingEdge/etc'
Using monoOptions --debugger-agent=transport=dt_socket,embedding=1,server=y,suspend=n,address=127.0.0.1:56008
Begin MonoManager ReloadAssembly
Registering precompiled unity dll's ...
Register platform support module: H:/Unity 2019/2020.2.7f1/Editor/Data/PlaybackEngines/WindowsStandaloneSupport/UnityEditor.WindowsStandalone.Extensions.dll
Registered in 0.001104 seconds.
Native extension for WindowsStandalone target not found
Refreshing native plugins compatible for Editor in 27.18 ms, found 0 plugins.
Preloading 0 native plugins for Editor in 0.00 ms.
Invoked RoslynAnalysisRunner static constructor.
RoslynAnalysisRunner will not be running.
RoslynAnalysisRunner has terminated.
Mono: successfully reloaded assembly
- Completed reload, in  1.065 seconds
Platform modules already initialized, skipping
Registering precompiled user dll's ...
Registered in 0.001670 seconds.
Begin MonoManager ReloadAssembly
Native extension for WindowsStandalone target not found
Refreshing native plugins compatible for Editor in 0.33 ms, found 0 plugins.
Preloading 0 native plugins for Editor in 0.00 ms.
Invoked RoslynAnalysisRunner static constructor.
RoslynAnalysisRunner will not be running.
RoslynAnalysisRunner has terminated.
Mono: successfully reloaded assembly
- Completed reload, in  0.923 seconds
Platform modules already initialized, skipping
========================================================================
Worker process is ready to serve import requests
Launched and connected shader compiler UnityShaderCompiler.exe after 0.10 seconds
Refreshing native plugins compatible for Editor in 0.34 ms, found 0 plugins.
Preloading 0 native plugins for Editor in 0.00 ms.
Unloading 1131 Unused Serialized files (Serialized files now loaded: 0)
System memory in use before: 70.2 MB.
System memory in use after: 70.2 MB.

Unloading 14 unused Assets to reduce memory usage. Loaded Objects now: 1590.
Total: 2.232000 ms (FindLiveObjects: 0.257500 ms CreateObjectMapping: 0.088000 ms MarkObjects: 1.758100 ms  DeleteObjects: 0.126800 ms)

========================================================================
Received Import Request.
  path: Assets/Import/Magic_Gate_(_Low_Poly_)/materials/gate_steel_02_5.mat
  artifactKey: Guid(cb59248cd74184f4bb6766775dd9a0f1) Importer(815301076,1909f56bfc062723c751e8b465ee728b)
Start importing Assets/Import/Magic_Gate_(_Low_Poly_)/materials/gate_steel_02_5.mat using Guid(cb59248cd74184f4bb6766775dd9a0f1) Importer(815301076,1909f56bfc062723c751e8b465ee728b)  -> (artifact id: '874a61d1ce2cc9443b95234da5dd7678') in 0.143554 seconds
  Import took 0.145838 seconds .

========================================================================
Received Import Request.
  Time since last request: 0.000372 seconds.
  path: Assets/Import/Magic_Gate_(_Low_Poly_)/meshes/Cube.002_6_6_0.asset
  artifactKey: Guid(45bda94f425b0124682be0f5061fde76) Importer(815301076,1909f56bfc062723c751e8b465ee728b)
Start importing Assets/Import/Magic_Gate_(_Low_Poly_)/meshes/Cube.002_6_6_0.asset using Guid(45bda94f425b0124682be0f5061fde76) Importer(815301076,1909f56bfc062723c751e8b465ee728b)  -> (artifact id: '21904a81cff1a29fa02d3019b8f23b93') in 0.050925 seconds
  Import took 0.054036 seconds .

========================================================================
Received Import Request.
  Time since last request: 0.000313 seconds.
  path: Assets/Import/Magic_Gate_(_Low_Poly_)/materials/gate_stone_03_3.mat
  artifactKey: Guid(651ad0040e9d20048a8b2feb0a81b225) Importer(815301076,1909f56bfc062723c751e8b465ee728b)
Start importing Assets/Import/Magic_Gate_(_Low_Poly_)/materials/gate_stone_03_3.mat using Guid(651ad0040e9d20048a8b2feb0a81b225) Importer(815301076,1909f56bfc062723c751e8b465ee728b)  -> (artifact id: '22cb05c787987e3812d26ea5d80d50fa') in 0.022658 seconds
  Import took 0.024802 seconds .

========================================================================
Received Import Request.
  Time since last request: 0.000220 seconds.
  path: Assets/Import/Magic_Gate_(_Low_Poly_)/meshes/Cylinder.000_0_7_0.asset
  artifactKey: Guid(e2909f3564ed5fa41bcb7f27b74d246d) Importer(815301076,1909f56bfc062723c751e8b465ee728b)
Start importing Assets/Import/Magic_Gate_(_Low_Poly_)/meshes/Cylinder.000_0_7_0.asset using Guid(e2909f3564ed5fa41bcb7f27b74d246d) Importer(815301076,1909f56bfc062723c751e8b465ee728b)  -> (artifact id: 'a19d53ee9584d7ee8cf634dd6d408c22') in 0.012880 seconds
  Import took 0.015050 seconds .

========================================================================
Received Import Request.
  Time since last request: 0.000266 seconds.
  path: Assets/Import/Magic_Gate_(_Low_Poly_)/meshes/Cube.002_2_2_0.asset
  artifactKey: Guid(1ce9b017f3ddc2e4eb1b268b36a4a8a3) Importer(815301076,1909f56bfc062723c751e8b465ee728b)
Start importing Assets/Import/Magic_Gate_(_Low_Poly_)/meshes/Cube.002_2_2_0.asset using Guid(1ce9b017f3ddc2e4eb1b268b36a4a8a3) Importer(815301076,1909f56bfc062723c751e8b465ee728b)  -> (artifact id: 'ce95d2dda175be77dd04de1d77c5b549') in 0.013211 seconds
  Import took 0.015713 seconds .

========================================================================
Received Import Request.
  Time since last request: 0.000215 seconds.
  path: Assets/Import/Magic_Gate_(_Low_Poly_)/meshes/Cube.002_5_5_0.asset
  artifactKey: Guid(6ba5d04a51126c24f8610ec44032b128) Importer(815301076,1909f56bfc062723c751e8b465ee728b)
Start importing Assets/Import/Magic_Gate_(_Low_Poly_)/meshes/Cube.002_5_5_0.asset using Guid(6ba5d04a51126c24f8610ec44032b128) Importer(815301076,1909f56bfc062723c751e8b465ee728b)  -> (artifact id: 'c372d4b4c8639c98e8326d7e599fc89e') in 0.014288 seconds
  Import took 0.016674 seconds .

========================================================================
Received Import Request.
  Time since last request: 0.000243 seconds.
  path: Assets/Import/Magic_Gate_(_Low_Poly_)/materials/gate_wood_01_6.mat
  artifactKey: Guid(20815583ca4270a449e1085133256d3c) Importer(815301076,1909f56bfc062723c751e8b465ee728b)
Start importing Assets/Import/Magic_Gate_(_Low_Poly_)/materials/gate_wood_01_6.mat using Guid(20815583ca4270a449e1085133256d3c) Importer(815301076,1909f56bfc062723c751e8b465ee728b)  -> (artifact id: '023dc18df75d7626ce6002a595e2fe88') in 0.011701 seconds
  Import took 0.013773 seconds .

========================================================================
Received Import Request.
  Time since last request: 0.000322 seconds.
  path: Assets/Import/Magic_Gate_(_Low_Poly_)/Magic_Gate_(_Low_Poly_).prefab
  artifactKey: Guid(2cb9a9d14f931a445a495862ee7681eb) Importer(815301076,1909f56bfc062723c751e8b465ee728b)
Start importing Assets/Import/Magic_Gate_(_Low_Poly_)/Magic_Gate_(_Low_Poly_).prefab using Guid(2cb9a9d14f931a445a495862ee7681eb) Importer(815301076,1909f56bfc062723c751e8b465ee728b)  -> (artifact id: 'f526f7a378b10b604baea37b77fdd1f1') in 0.322912 seconds
  Import took 0.326110 seconds .

========================================================================
Received Import Request.
  Time since last request: 0.000441 seconds.
  path: Assets/Import/Magic_Gate_(_Low_Poly_)/materials/gate_wood_02_7.mat
  artifactKey: Guid(3ea15921531b1414cbc198a035cc6453) Importer(815301076,1909f56bfc062723c751e8b465ee728b)
Start importing Assets/Import/Magic_Gate_(_Low_Poly_)/materials/gate_wood_02_7.mat using Guid(3ea15921531b1414cbc198a035cc6453) Importer(815301076,1909f56bfc062723c751e8b465ee728b)  -> (artifact id: '7ae2022eccd4e4434fff12a090be503c') in 0.028306 seconds
  Import took 0.032009 seconds .

========================================================================
Received Import Request.
  Time since last request: 0.000335 seconds.
  path: Assets/Import/Magic_Gate_(_Low_Poly_)/meshes/Cube.002_3_3_0.asset
  artifactKey: Guid(71c48513a0a274b40a52af4d6340ef4b) Importer(815301076,1909f56bfc062723c751e8b465ee728b)
Start importing Assets/Import/Magic_Gate_(_Low_Poly_)/meshes/Cube.002_3_3_0.asset using Guid(71c48513a0a274b40a52af4d6340ef4b) Importer(815301076,1909f56bfc062723c751e8b465ee728b)  -> (artifact id: '822e08d87aed7f09ec9ecde282b3af40') in 0.023501 seconds
  Import took 0.027690 seconds .

========================================================================
Received Import Request.
  Time since last request: 0.000359 seconds.
  path: Assets/Import/Magic_Gate_(_Low_Poly_)/materials/gate_blue_light_0.mat
  artifactKey: Guid(2333f0fa0bc76984890d15e2af18a6c3) Importer(815301076,1909f56bfc062723c751e8b465ee728b)
Start importing Assets/Import/Magic_Gate_(_Low_Poly_)/materials/gate_blue_light_0.mat using Guid(2333f0fa0bc76984890d15e2af18a6c3) Importer(815301076,1909f56bfc062723c751e8b465ee728b)  -> (artifact id: '366589423702cafcf947324c21e4b469') in 0.016015 seconds
  Import took 0.018305 seconds .

========================================================================
Received Import Request.
  Time since last request: 0.000330 seconds.
  path: Assets/Import/Magic_Gate_(_Low_Poly_)/materials/gate_steel_01_4.mat
  artifactKey: Guid(76bff7d80a352734fb65716e34c67f86) Importer(815301076,1909f56bfc062723c751e8b465ee728b)
Start importing Assets/Import/Magic_Gate_(_Low_Poly_)/materials/gate_steel_01_4.mat using Guid(76bff7d80a352734fb65716e34c67f86) Importer(815301076,1909f56bfc062723c751e8b465ee728b)  -> (artifact id: '9955dd0deb83d9fbf61fed437c709753') in 0.019815 seconds
  Import took 0.022985 seconds .

========================================================================
Received Import Request.
  Time since last request: 0.000344 seconds.
  path: Assets/Import/Magic_Gate_(_Low_Poly_)/materials/gate_stone_02_2.mat
  artifactKey: Guid(86a7d5c0ddef07c4889b115fcdcedd93) Importer(815301076,1909f56bfc062723c751e8b465ee728b)
Start importing Assets/Import/Magic_Gate_(_Low_Poly_)/materials/gate_stone_02_2.mat using Guid(86a7d5c0ddef07c4889b115fcdcedd93) Importer(815301076,1909f56bfc062723c751e8b465ee728b)  -> (artifact id: '93d4310c141893e6825216c536d2a34f') in 0.016089 seconds
  Import took 0.019125 seconds .

========================================================================
Received Import Request.
  Time since last request: 0.000273 seconds.
  path: Assets/Import/Magic_Gate_(_Low_Poly_)/meshes/Cube.002_4_4_0.asset
  artifactKey: Guid(3af6f6ad277a3c149b78696b76109d68) Importer(815301076,1909f56bfc062723c751e8b465ee728b)
Start importing Assets/Import/Magic_Gate_(_Low_Poly_)/meshes/Cube.002_4_4_0.asset using Guid(3af6f6ad277a3c149b78696b76109d68) Importer(815301076,1909f56bfc062723c751e8b465ee728b)  -> (artifact id: '3b5681929d0d37b119880381fef81509') in 0.019492 seconds
  Import took 0.022297 seconds .

========================================================================
Received Import Request.
  Time since last request: 0.000231 seconds.
  path: Assets/Import/Magic_Gate_(_Low_Poly_)/materials/gate_stone_01_1.mat
  artifactKey: Guid(ce307e379981bc04e8b5a8947e32bf61) Importer(815301076,1909f56bfc062723c751e8b465ee728b)
Start importing Assets/Import/Magic_Gate_(_Low_Poly_)/materials/gate_stone_01_1.mat using Guid(ce307e379981bc04e8b5a8947e32bf61) Importer(815301076,1909f56bfc062723c751e8b465ee728b)  -> (artifact id: '618299e722c0ab37e5a3c0b3776b69ab') in 0.018377 seconds
  Import took 0.021692 seconds .

========================================================================
Received Import Request.
  Time since last request: 0.000215 seconds.
  path: Assets/Import/Magic_Gate_(_Low_Poly_)/meshes/Cube.002_1_1_0.asset
  artifactKey: Guid(40d2d41ce74f05946843b22626a463aa) Importer(815301076,1909f56bfc062723c751e8b465ee728b)
Start importing Assets/Import/Magic_Gate_(_Low_Poly_)/meshes/Cube.002_1_1_0.asset using Guid(40d2d41ce74f05946843b22626a463aa) Importer(815301076,1909f56bfc062723c751e8b465ee728b)  -> (artifact id: '912cd169da075bde5aa019b768c6027d') in 0.011630 seconds
  Import took 0.013907 seconds .

========================================================================
Received Import Request.
  Time since last request: 0.000298 seconds.
  path: Assets/Import/Magic_Gate_(_Low_Poly_)/meshes/Cube.002_0_0_0.asset
  artifactKey: Guid(3cdbdf0f37f6619489a06cb50ecc0be8) Importer(815301076,1909f56bfc062723c751e8b465ee728b)
Start importing Assets/Import/Magic_Gate_(_Low_Poly_)/meshes/Cube.002_0_0_0.asset using Guid(3cdbdf0f37f6619489a06cb50ecc0be8) Importer(815301076,1909f56bfc062723c751e8b465ee728b)  -> (artifact id: 'c4befd97aec9e570a6d1bd91d6d5ad48') in 0.012563 seconds
  Import took 0.015097 seconds .

========================================================================
Received Import Request.
  Time since last request: 116.492774 seconds.
  path: Assets/Textures/TerrainLayers/Mud01.terrainlayer
  artifactKey: Guid(4085435386ddb064696f7df74be366ef) Importer(815301076,1909f56bfc062723c751e8b465ee728b)
Start importing Assets/Textures/TerrainLayers/Mud01.terrainlayer using Guid(4085435386ddb064696f7df74be366ef) Importer(815301076,1909f56bfc062723c751e8b465ee728b)  -> (artifact id: '72ad5e653ba03c62698d9cc2749d7313') in 0.055758 seconds
  Import took 0.058804 seconds .

========================================================================
Received Import Request.
  Time since last request: 336.666993 seconds.
  path: Assets/WaterFall/New folder/Water.prefab
  artifactKey: Guid(8c4287123e7311449b0b75f803aceddc) Importer(815301076,1909f56bfc062723c751e8b465ee728b)
Start importing Assets/WaterFall/New folder/Water.prefab using Guid(8c4287123e7311449b0b75f803aceddc) Importer(815301076,1909f56bfc062723c751e8b465ee728b)  -> (artifact id: 'd9b5a16cf1bcd5b34ea7f32abaac9e9d') in 0.029717 seconds
  Import took 0.034945 seconds .

========================================================================
Received Import Request.
  Time since last request: 0.000499 seconds.
  path: Assets/Water/Water/Water01_n.png
  artifactKey: Guid(9c5b42a27f5ef2347b3f3930c7fcd5a5) Importer(815301076,1909f56bfc062723c751e8b465ee728b)
Start importing Assets/Water/Water/Water01_n.png using Guid(9c5b42a27f5ef2347b3f3930c7fcd5a5) Importer(815301076,1909f56bfc062723c751e8b465ee728b)  -> (artifact id: 'd06cd415ccffa5d72b805c19b8b39e1c') in 0.042584 seconds
  Import took 0.046666 seconds .

========================================================================
Received Import Request.
  Time since last request: 0.000319 seconds.
  path: Assets/vegetation/Grass/Textures/WaterLily_n.png
  artifactKey: Guid(7888a0a2af12f284880ebef1a5f2482f) Importer(815301076,1909f56bfc062723c751e8b465ee728b)
Start importing Assets/vegetation/Grass/Textures/WaterLily_n.png using Guid(7888a0a2af12f284880ebef1a5f2482f) Importer(815301076,1909f56bfc062723c751e8b465ee728b)  -> (artifact id: '83244438ef099805c371726e1643132b') in 0.020087 seconds
  Import took 0.023607 seconds .

========================================================================
Received Import Request.
  Time since last request: 0.000383 seconds.
  path: Assets/Water/Water.prefab
  artifactKey: Guid(7a7826b006761954ebc0cb6f934b58b9) Importer(815301076,1909f56bfc062723c751e8b465ee728b)
Start importing Assets/Water/Water.prefab using Guid(7a7826b006761954ebc0cb6f934b58b9) Importer(815301076,1909f56bfc062723c751e8b465ee728b)  -> (artifact id: 'abb2b1c5ef9181bf5e5d95bb8e5a57c6') in 0.009909 seconds
  Import took 0.014029 seconds .

========================================================================
Received Import Request.
  Time since last request: 0.000318 seconds.
  path: Assets/Water/Water/Materials/Water02.mat
  artifactKey: Guid(24c392f9c11392649bf36f0b3c044a88) Importer(815301076,1909f56bfc062723c751e8b465ee728b)
Start importing Assets/Water/Water/Materials/Water02.mat using Guid(24c392f9c11392649bf36f0b3c044a88) Importer(815301076,1909f56bfc062723c751e8b465ee728b)  -> (artifact id: '7d214dc4b8f566c7d15544e0377ba602') in 0.013352 seconds
  Import took 0.016370 seconds .

========================================================================
Received Import Request.
  Time since last request: 0.000265 seconds.
  path: Assets/Water/Water/Materials/WaterFall03.mat
  artifactKey: Guid(ae645c6ca470cae4094f5881417fe6a0) Importer(815301076,1909f56bfc062723c751e8b465ee728b)
Start importing Assets/Water/Water/Materials/WaterFall03.mat using Guid(ae645c6ca470cae4094f5881417fe6a0) Importer(815301076,1909f56bfc062723c751e8b465ee728b)  -> (artifact id: '39c9a3c069c9d39f9771df0b0b89cb03') in 0.013129 seconds
  Import took 0.015809 seconds .

========================================================================
Received Import Request.
  Time since last request: 0.000237 seconds.
  path: Assets/Water/WaterFall01.prefab
  artifactKey: Guid(f3ad05a50fff5324e83b4e23804b9485) Importer(815301076,1909f56bfc062723c751e8b465ee728b)
Start importing Assets/Water/WaterFall01.prefab using Guid(f3ad05a50fff5324e83b4e23804b9485) Importer(815301076,1909f56bfc062723c751e8b465ee728b)  -> (artifact id: 'fec6f5cfa5fe2816fa3b0346a531639b') in 0.013360 seconds
  Import took 0.016297 seconds .

========================================================================
Received Import Request.
  Time since last request: 0.000209 seconds.
  path: Assets/Fx/WaterFall_Cloud.prefab
  artifactKey: Guid(0fd5e5d0b1e689346a69cd4a8a9610fb) Importer(815301076,1909f56bfc062723c751e8b465ee728b)
Start importing Assets/Fx/WaterFall_Cloud.prefab using Guid(0fd5e5d0b1e689346a69cd4a8a9610fb) Importer(815301076,1909f56bfc062723c751e8b465ee728b)  -> (artifact id: '1360e70552abdfeda53e32868f26a4cb') in 0.011882 seconds
  Import took 0.014352 seconds .

========================================================================
Received Import Request.
  Time since last request: 0.000224 seconds.
  path: Assets/vegetation/Grass/WaterLily02.fbx
  artifactKey: Guid(b436bc3d04d41884f9f99542d590d1e7) Importer(815301076,1909f56bfc062723c751e8b465ee728b)
Start importing Assets/vegetation/Grass/WaterLily02.fbx using Guid(b436bc3d04d41884f9f99542d590d1e7) Importer(815301076,1909f56bfc062723c751e8b465ee728b)  -> (artifact id: '88f1eba1a7c194dfd84b1ef009168a47') in 0.019530 seconds
  Import took 0.021775 seconds .

========================================================================
Received Import Request.
  Time since last request: 0.000223 seconds.
  path: Assets/vegetation/Grass/Textures/WaterLily_m.png
  artifactKey: Guid(7aa7e14bdddcff84d897bab7f675dd2f) Importer(815301076,1909f56bfc062723c751e8b465ee728b)
Start importing Assets/vegetation/Grass/Textures/WaterLily_m.png using Guid(7aa7e14bdddcff84d897bab7f675dd2f) Importer(815301076,1909f56bfc062723c751e8b465ee728b)  -> (artifact id: '591bb895c460eccbbe6822257c27373f') in 0.009605 seconds
  Import took 0.011745 seconds .

========================================================================
Received Import Request.
  Time since last request: 0.000208 seconds.
  path: Assets/Water/Water/Materials/Water01.mat
  artifactKey: Guid(ba4ba0607edb5754bb79b829283324a4) Importer(815301076,1909f56bfc062723c751e8b465ee728b)
Start importing Assets/Water/Water/Materials/Water01.mat using Guid(ba4ba0607edb5754bb79b829283324a4) Importer(815301076,1909f56bfc062723c751e8b465ee728b)  -> (artifact id: '70784e4d83723d1356e90758babb58a1') in 0.011356 seconds
  Import took 0.013839 seconds .

========================================================================
Received Import Request.
  Time since last request: 0.000223 seconds.
  path: Assets/WaterFall/New folder/WaterFall01.prefab
  artifactKey: Guid(8f8e19a356daf3245bf3e94104a01134) Importer(815301076,1909f56bfc062723c751e8b465ee728b)
Start importing Assets/WaterFall/New folder/WaterFall01.prefab using Guid(8f8e19a356daf3245bf3e94104a01134) Importer(815301076,1909f56bfc062723c751e8b465ee728b)  -> (artifact id: '1b600a7e54ffebfcd66a4a1f8da4bb25') in 0.006914 seconds
  Import took 0.009143 seconds .

========================================================================
Received Import Request.
  Time since last request: 0.000319 seconds.
  path: Assets/vegetation/Grass/Textures/WaterLily_a.png
  artifactKey: Guid(726857e797ff3ec4f96f5d8667263ce4) Importer(815301076,1909f56bfc062723c751e8b465ee728b)
Start importing Assets/vegetation/Grass/Textures/WaterLily_a.png using Guid(726857e797ff3ec4f96f5d8667263ce4) Importer(815301076,1909f56bfc062723c751e8b465ee728b)  -> (artifact id: 'b69f0ebfeb4e1bd00e025c9fab0119ee') in 0.011711 seconds
  Import took 0.013906 seconds .

========================================================================
Received Import Request.
  Time since last request: 0.000219 seconds.
  path: Assets/Water/Water/Materials/WaterFall02.mat
  artifactKey: Guid(b12e36500ede78144a31adc3126f8a06) Importer(815301076,1909f56bfc062723c751e8b465ee728b)
Start importing Assets/Water/Water/Materials/WaterFall02.mat using Guid(b12e36500ede78144a31adc3126f8a06) Importer(815301076,1909f56bfc062723c751e8b465ee728b)  -> (artifact id: 'd4415539387c89521fcde8b3d31a3c87') in 0.010997 seconds
  Import took 0.013136 seconds .

========================================================================
Received Import Request.
  Time since last request: 0.000232 seconds.
  path: Assets/Water/Water/Materials/WaterFall01.mat
  artifactKey: Guid(aaad6e33482e80442b750fabe3af4668) Importer(815301076,1909f56bfc062723c751e8b465ee728b)
Start importing Assets/Water/Water/Materials/WaterFall01.mat using Guid(aaad6e33482e80442b750fabe3af4668) Importer(815301076,1909f56bfc062723c751e8b465ee728b)  -> (artifact id: 'bf3a9f42bd3e030b8704b27caaf08412') in 0.006866 seconds
  Import took 0.009128 seconds .

========================================================================
Received Import Request.
  Time since last request: 0.000309 seconds.
  path: Assets/WaterFall/WaterFall01.fbx
  artifactKey: Guid(c04a4b889278c7e4fa2f76e2fca03129) Importer(815301076,1909f56bfc062723c751e8b465ee728b)
Start importing Assets/WaterFall/WaterFall01.fbx using Guid(c04a4b889278c7e4fa2f76e2fca03129) Importer(815301076,1909f56bfc062723c751e8b465ee728b)  -> (artifact id: 'e5e291cf93b5802347c4795abcb8a549') in 0.015000 seconds
  Import took 0.017334 seconds .

========================================================================
Received Import Request.
  Time since last request: 0.000282 seconds.
  path: Assets/vegetation/Grass/Textures/Materials/WaterLily.mat
  artifactKey: Guid(1ffc33acd2beee34eb08705ef49215e0) Importer(815301076,1909f56bfc062723c751e8b465ee728b)
Start importing Assets/vegetation/Grass/Textures/Materials/WaterLily.mat using Guid(1ffc33acd2beee34eb08705ef49215e0) Importer(815301076,1909f56bfc062723c751e8b465ee728b)  -> (artifact id: '76f01716a148b220da161a68801d1580') in 0.015226 seconds
  Import took 0.017535 seconds .

========================================================================
Received Import Request.
  Time since last request: 0.000224 seconds.
  path: Assets/WaterFall/WaterFall01.fbx
  artifactKey: Guid(c04a4b889278c7e4fa2f76e2fca03129) Importer(815301076,1909f56bfc062723c751e8b465ee728b)
Start importing Assets/WaterFall/WaterFall01.fbx using Guid(c04a4b889278c7e4fa2f76e2fca03129) Importer(815301076,1909f56bfc062723c751e8b465ee728b)  -> (artifact id: 'e5e291cf93b5802347c4795abcb8a549') in 0.010073 seconds
  Import took 0.012444 seconds .

========================================================================
Received Import Request.
  Time since last request: 0.000233 seconds.
  path: Assets/vegetation/Grass/WaterLily01.fbx
  artifactKey: Guid(93fb0d43ee9376547ac6d5eb65f55c30) Importer(815301076,1909f56bfc062723c751e8b465ee728b)
Start importing Assets/vegetation/Grass/WaterLily01.fbx using Guid(93fb0d43ee9376547ac6d5eb65f55c30) Importer(815301076,1909f56bfc062723c751e8b465ee728b)  -> (artifact id: '7efe627de1730c4057dce166f1958b0c') in 0.014501 seconds
  Import took 0.016837 seconds .

========================================================================
Received Import Request.
  Time since last request: 0.000258 seconds.
  path: Assets/Water/Water/Materials/WaterFall01_Cloud.mat
  artifactKey: Guid(98153045831648143bb81ebafbfc4745) Importer(815301076,1909f56bfc062723c751e8b465ee728b)
Start importing Assets/Water/Water/Materials/WaterFall01_Cloud.mat using Guid(98153045831648143bb81ebafbfc4745) Importer(815301076,1909f56bfc062723c751e8b465ee728b)  -> (artifact id: 'b9da6b936020a8cb159dd4c70614ffcb') in 0.052657 seconds
  Import took 0.054877 seconds .

========================================================================
Received Import Request.
  Time since last request: 0.000221 seconds.
  path: Assets/vegetation/Grass/WaterLily03.fbx
  artifactKey: Guid(a370e595ca0a0484883b7138552e3a13) Importer(815301076,1909f56bfc062723c751e8b465ee728b)
Start importing Assets/vegetation/Grass/WaterLily03.fbx using Guid(a370e595ca0a0484883b7138552e3a13) Importer(815301076,1909f56bfc062723c751e8b465ee728b)  -> (artifact id: '5538591c8dd96313be7aec253e8a4486') in 0.015359 seconds
  Import took 0.017663 seconds .

========================================================================
Received Import Request.
  Time since last request: 10.278218 seconds.
  path: Assets/Water
  artifactKey: Guid(e32fa2ce0a2e74646aca3d1b8f96b8d2) Importer(815301076,1909f56bfc062723c751e8b465ee728b)
Start importing Assets/Water using Guid(e32fa2ce0a2e74646aca3d1b8f96b8d2) Importer(815301076,1909f56bfc062723c751e8b465ee728b)  -> (artifact id: '1d5d6be5f07cae16e27f144cc353add2') in 0.002901 seconds
  Import took 0.005589 seconds .

========================================================================
Received Import Request.
  Time since last request: 0.614489 seconds.
  path: Assets/Water/Water
  artifactKey: Guid(d1db9234755fb53488e2e582881eb320) Importer(815301076,1909f56bfc062723c751e8b465ee728b)
Start importing Assets/Water/Water using Guid(d1db9234755fb53488e2e582881eb320) Importer(815301076,1909f56bfc062723c751e8b465ee728b)  -> (artifact id: 'f25ccb84f667ab3cdfc31d6ce5b0ce89') in 0.002776 seconds
  Import took 0.005828 seconds .

========================================================================
Received Import Request.
  Time since last request: 7.232939 seconds.
  path: Assets/Water/Water/Materials
  artifactKey: Guid(9e1ffa86f7e4d0349b9ad117a9b3acab) Importer(815301076,1909f56bfc062723c751e8b465ee728b)
Start importing Assets/Water/Water/Materials using Guid(9e1ffa86f7e4d0349b9ad117a9b3acab) Importer(815301076,1909f56bfc062723c751e8b465ee728b)  -> (artifact id: '3a92fa8d657c7c2acd80f1f48f09cfcc') in 0.008614 seconds
  Import took 0.011715 seconds .

========================================================================
Received Import Request.
  Time since last request: 0.066676 seconds.
  path: Assets/Water/Water/Materials/Ocean.mat
  artifactKey: Guid(c28400c4cd0d765408fd120a279d9f33) Importer(815301076,1909f56bfc062723c751e8b465ee728b)
Start importing Assets/Water/Water/Materials/Ocean.mat using Guid(c28400c4cd0d765408fd120a279d9f33) Importer(815301076,1909f56bfc062723c751e8b465ee728b)  -> (artifact id: 'f15715cd007d074815f5b6ad7d2464ef') in 0.016954 seconds
  Import took 0.019708 seconds .

========================================================================
Received Import Request.
  Time since last request: 0.000293 seconds.
  path: Assets/Water/Water/Materials/Water01_n.mat
  artifactKey: Guid(61631a5459ecd804699fa30de099c281) Importer(815301076,1909f56bfc062723c751e8b465ee728b)
Start importing Assets/Water/Water/Materials/Water01_n.mat using Guid(61631a5459ecd804699fa30de099c281) Importer(815301076,1909f56bfc062723c751e8b465ee728b)  -> (artifact id: 'ceb38b838ad584f351645de330b6a5e5') in 0.016962 seconds
  Import took 0.020030 seconds .

========================================================================
Received Import Request.
  Time since last request: 0.000195 seconds.
  path: Assets/Water/Water/Materials/Water01_foam_mask.mat
  artifactKey: Guid(65158da55c87a564b899d1794c6b738b) Importer(815301076,1909f56bfc062723c751e8b465ee728b)
Start importing Assets/Water/Water/Materials/Water01_foam_mask.mat using Guid(65158da55c87a564b899d1794c6b738b) Importer(815301076,1909f56bfc062723c751e8b465ee728b)  -> (artifact id: '00fa163834143d3d145dcd8c9d52a9c5') in 0.018725 seconds
  Import took 0.020862 seconds .

========================================================================
Received Import Request.
  Time since last request: 48.048046 seconds.
  path: Assets/Fx/Butterflies.prefab
  artifactKey: Guid(e06bf6988ac259546bdc50dc9d7c3333) Importer(815301076,1909f56bfc062723c751e8b465ee728b)
Start importing Assets/Fx/Butterflies.prefab using Guid(e06bf6988ac259546bdc50dc9d7c3333) Importer(815301076,1909f56bfc062723c751e8b465ee728b)  -> (artifact id: '33490ee59cfa14034054c2a2acb98d4b') in 0.011667 seconds
  Import took 0.014779 seconds .

========================================================================
Received Import Request.
  Time since last request: 0.000320 seconds.
  path: Assets/Fx/GodRays.prefab
  artifactKey: Guid(2b73f0147cab4644bad0bb5697c1dd96) Importer(815301076,1909f56bfc062723c751e8b465ee728b)
Start importing Assets/Fx/GodRays.prefab using Guid(2b73f0147cab4644bad0bb5697c1dd96) Importer(815301076,1909f56bfc062723c751e8b465ee728b)  -> (artifact id: 'c9de642c82a3c496919d37a8fdea6d84') in 0.009754 seconds
  Import took 0.012305 seconds .

========================================================================
Received Import Request.
  Time since last request: 0.000205 seconds.
  path: Assets/Fx/Snow.prefab
  artifactKey: Guid(10f85e0ec4a7c3345bcedf3c1970676b) Importer(815301076,1909f56bfc062723c751e8b465ee728b)
Start importing Assets/Fx/Snow.prefab using Guid(10f85e0ec4a7c3345bcedf3c1970676b) Importer(815301076,1909f56bfc062723c751e8b465ee728b)  -> (artifact id: 'ed9a50fccea7a35f209bb37d4ecc6ba8') in 0.010560 seconds
  Import took 0.012944 seconds .

========================================================================
Received Import Request.
  Time since last request: 0.000221 seconds.
  path: Assets/Fx/Eyes.prefab
  artifactKey: Guid(74f9e2d3d40c0f94bb15cbe8dbeafd3c) Importer(815301076,1909f56bfc062723c751e8b465ee728b)
Start importing Assets/Fx/Eyes.prefab using Guid(74f9e2d3d40c0f94bb15cbe8dbeafd3c) Importer(815301076,1909f56bfc062723c751e8b465ee728b)  -> (artifact id: '11da6f4492ccd1c930884d2affa76ec4') in 0.660928 seconds
  Import took 0.665272 seconds .

========================================================================
Received Import Request.
  Time since last request: 0.000694 seconds.
  path: Assets/Fx/Fireflies.prefab
  artifactKey: Guid(a04e53a640d728646bfa2eb9b857d676) Importer(815301076,1909f56bfc062723c751e8b465ee728b)
Start importing Assets/Fx/Fireflies.prefab using Guid(a04e53a640d728646bfa2eb9b857d676) Importer(815301076,1909f56bfc062723c751e8b465ee728b)  -> (artifact id: '7b77e19cb4828ce7d7260f30a12bf45f') in 0.019380 seconds
  Import took 0.024393 seconds .

========================================================================
Received Import Request.
  Time since last request: 0.000547 seconds.
  path: Assets/Fx/TreeLeaves.prefab
  artifactKey: Guid(2e1e0874f8a551f4dbc25e6b133e889b) Importer(815301076,1909f56bfc062723c751e8b465ee728b)
Start importing Assets/Fx/TreeLeaves.prefab using Guid(2e1e0874f8a551f4dbc25e6b133e889b) Importer(815301076,1909f56bfc062723c751e8b465ee728b)  -> (artifact id: 'c07671cfebe9cd8968eebd1eb745f579') in 0.017099 seconds
  Import took 0.022407 seconds .

========================================================================
Received Import Request.
  Time since last request: 0.000569 seconds.
  path: Assets/Fx/Clouds.prefab
  artifactKey: Guid(6f8bace23876a074ca3cc1e76f74fe96) Importer(815301076,1909f56bfc062723c751e8b465ee728b)
Start importing Assets/Fx/Clouds.prefab using Guid(6f8bace23876a074ca3cc1e76f74fe96) Importer(815301076,1909f56bfc062723c751e8b465ee728b)  -> (artifact id: '097b0f34a0a0a8ed2e6f4c14032a0884') in 0.016276 seconds
  Import took 0.021386 seconds .

========================================================================
Received Import Request.
  Time since last request: 2.704702 seconds.
  path: Assets/Fx/textures/Materials/Birds.mat
  artifactKey: Guid(2f243052e777d084db3b236b8057ec81) Importer(815301076,1909f56bfc062723c751e8b465ee728b)
Start importing Assets/Fx/textures/Materials/Birds.mat using Guid(2f243052e777d084db3b236b8057ec81) Importer(815301076,1909f56bfc062723c751e8b465ee728b)  -> (artifact id: '8cf9d1f75b141562b5148d2d5e21fef5') in 0.121520 seconds
  Import took 0.127198 seconds .

========================================================================
Received Import Request.
  Time since last request: 24.106032 seconds.
  path: Assets/Textures/Moss_mask.png
  artifactKey: Guid(e1f9e4b4f78e10041804ffee938870e2) Importer(815301076,1909f56bfc062723c751e8b465ee728b)
Start importing Assets/Textures/Moss_mask.png using Guid(e1f9e4b4f78e10041804ffee938870e2) Importer(815301076,1909f56bfc062723c751e8b465ee728b)  -> (artifact id: '6bd4a05f98c9d52723132728b8292daf') in 0.017768 seconds
  Import took 0.021089 seconds .

========================================================================
Received Import Request.
  Time since last request: 0.000217 seconds.
  path: Assets/Textures/Sand02b_m.png
  artifactKey: Guid(70f805cf6a6d766438395095eeda284b) Importer(815301076,1909f56bfc062723c751e8b465ee728b)
Start importing Assets/Textures/Sand02b_m.png using Guid(70f805cf6a6d766438395095eeda284b) Importer(815301076,1909f56bfc062723c751e8b465ee728b)  -> (artifact id: '13f6f988f0e89204fc5f4284d4c84983') in 0.017844 seconds
  Import took 0.020123 seconds .

========================================================================
Received Import Request.
  Time since last request: 0.000227 seconds.
  path: Assets/Textures/Snow01_n.png
  artifactKey: Guid(8b20e35a7b0cdff438a1ef183e0367d7) Importer(815301076,1909f56bfc062723c751e8b465ee728b)
Start importing Assets/Textures/Snow01_n.png using Guid(8b20e35a7b0cdff438a1ef183e0367d7) Importer(815301076,1909f56bfc062723c751e8b465ee728b)  -> (artifact id: 'a2684860ba06841f26aefe3de55f1ff1') in 0.014737 seconds
  Import took 0.017211 seconds .

========================================================================
Received Import Request.
  Time since last request: 0.000223 seconds.
  path: Assets/Textures/Mud01_n.png
  artifactKey: Guid(86010af9cff01444cbacf33d8e938bcd) Importer(815301076,1909f56bfc062723c751e8b465ee728b)
Start importing Assets/Textures/Mud01_n.png using Guid(86010af9cff01444cbacf33d8e938bcd) Importer(815301076,1909f56bfc062723c751e8b465ee728b)  -> (artifact id: 'a9f0e9b11e469433226b346d0c7d6721') in 0.017949 seconds
  Import took 0.020326 seconds .

========================================================================
Received Import Request.
  Time since last request: 0.000187 seconds.
  path: Assets/Textures/Moss_n.png
  artifactKey: Guid(9302f85d940c1e24abf248a813b1ef87) Importer(815301076,1909f56bfc062723c751e8b465ee728b)
Start importing Assets/Textures/Moss_n.png using Guid(9302f85d940c1e24abf248a813b1ef87) Importer(815301076,1909f56bfc062723c751e8b465ee728b)  -> (artifact id: '3ec5a11a566a532bee75242cafdecf58') in 0.014121 seconds
  Import took 0.016253 seconds .

========================================================================
Received Import Request.
  Time since last request: 0.000248 seconds.
  path: Assets/Textures/Sand02b_n.png
  artifactKey: Guid(6bee43fa88d3e444fa79d8ab461c5f5d) Importer(815301076,1909f56bfc062723c751e8b465ee728b)
Start importing Assets/Textures/Sand02b_n.png using Guid(6bee43fa88d3e444fa79d8ab461c5f5d) Importer(815301076,1909f56bfc062723c751e8b465ee728b)  -> (artifact id: 'b0bc255d3e8a2f354e39d1d690be729e') in 0.013839 seconds
  Import took 0.016093 seconds .

========================================================================
Received Import Request.
  Time since last request: 0.000248 seconds.
  path: Assets/Textures/Mud02_m.png
  artifactKey: Guid(109d4a5f742fbd9488255ca91c011607) Importer(815301076,1909f56bfc062723c751e8b465ee728b)
Start importing Assets/Textures/Mud02_m.png using Guid(109d4a5f742fbd9488255ca91c011607) Importer(815301076,1909f56bfc062723c751e8b465ee728b)  -> (artifact id: 'ad698283f9e26ba0ec453a0b4dad728e') in 0.015935 seconds
  Import took 0.018343 seconds .

========================================================================
Received Import Request.
  Time since last request: 0.000239 seconds.
  path: Assets/Textures/Mud02_n.png
  artifactKey: Guid(c6e0e8bad9870904a899b99a744444d3) Importer(815301076,1909f56bfc062723c751e8b465ee728b)
Start importing Assets/Textures/Mud02_n.png using Guid(c6e0e8bad9870904a899b99a744444d3) Importer(815301076,1909f56bfc062723c751e8b465ee728b)  -> (artifact id: '4cec680ef4303ab3ac57a96b3e6b1f89') in 0.013847 seconds
  Import took 0.016089 seconds .

========================================================================
Received Import Request.
  Time since last request: 0.000220 seconds.
  path: Assets/Textures/Sand02_n.png
  artifactKey: Guid(582a2fe8fa2467e40a1a6dfc6ce8f7a2) Importer(815301076,1909f56bfc062723c751e8b465ee728b)
Start importing Assets/Textures/Sand02_n.png using Guid(582a2fe8fa2467e40a1a6dfc6ce8f7a2) Importer(815301076,1909f56bfc062723c751e8b465ee728b)  -> (artifact id: 'a4e8c302f1b9ae397e0adc9ceefc6ab9') in 0.014071 seconds
  Import took 0.016258 seconds .

========================================================================
Received Import Request.
  Time since last request: 0.000221 seconds.
  path: Assets/Textures/Snow01_m.png
  artifactKey: Guid(a89fed3b74bbff44b99f1ccb0615d9e5) Importer(815301076,1909f56bfc062723c751e8b465ee728b)
Start importing Assets/Textures/Snow01_m.png using Guid(a89fed3b74bbff44b99f1ccb0615d9e5) Importer(815301076,1909f56bfc062723c751e8b465ee728b)  -> (artifact id: '85c0a57a940a9b5d4a8b0837e5781612') in 0.013147 seconds
  Import took 0.015381 seconds .

========================================================================
Received Import Request.
  Time since last request: 0.000218 seconds.
  path: Assets/Textures/Sand01_m.png
  artifactKey: Guid(3789c75236a7cb040a02cf592eb98bc2) Importer(815301076,1909f56bfc062723c751e8b465ee728b)
Start importing Assets/Textures/Sand01_m.png using Guid(3789c75236a7cb040a02cf592eb98bc2) Importer(815301076,1909f56bfc062723c751e8b465ee728b)  -> (artifact id: '4077e18d4a61b0e220953bc6dccdfab0') in 0.015735 seconds
  Import took 0.017877 seconds .

========================================================================
Received Import Request.
  Time since last request: 0.000219 seconds.
  path: Assets/Textures/Mud01_m.png
  artifactKey: Guid(8bcdb3856d1c49045baf10fe58535009) Importer(815301076,1909f56bfc062723c751e8b465ee728b)
Start importing Assets/Textures/Mud01_m.png using Guid(8bcdb3856d1c49045baf10fe58535009) Importer(815301076,1909f56bfc062723c751e8b465ee728b)  -> (artifact id: '86358dbafabea94315ddf4356bc52c78') in 0.016040 seconds
  Import took 0.018307 seconds .

========================================================================
Received Import Request.
  Time since last request: 0.000226 seconds.
  path: Assets/Textures/Sand01_n.png
  artifactKey: Guid(c34b730acddb56c479df3870249dfcef) Importer(815301076,1909f56bfc062723c751e8b465ee728b)
Start importing Assets/Textures/Sand01_n.png using Guid(c34b730acddb56c479df3870249dfcef) Importer(815301076,1909f56bfc062723c751e8b465ee728b)  -> (artifact id: 'b756b32d20d60a7ebda7c19fb1c73152') in 0.013814 seconds
  Import took 0.016075 seconds .

========================================================================
Received Import Request.
  Time since last request: 0.000207 seconds.
  path: Assets/Textures/Sand02_m.png
  artifactKey: Guid(545d026840bdbbe45b7f4de926417626) Importer(815301076,1909f56bfc062723c751e8b465ee728b)
Start importing Assets/Textures/Sand02_m.png using Guid(545d026840bdbbe45b7f4de926417626) Importer(815301076,1909f56bfc062723c751e8b465ee728b)  -> (artifact id: '55276603a8a482424fa353c6c48c0263') in 0.013493 seconds
  Import took 0.015939 seconds .

========================================================================
Received Import Request.
  Time since last request: 0.004669 seconds.
  path: Assets/Textures/Sand02_m.png
  artifactKey: Guid(545d026840bdbbe45b7f4de926417626) Importer(815301076,1909f56bfc062723c751e8b465ee728b)
Start importing Assets/Textures/Sand02_m.png using Guid(545d026840bdbbe45b7f4de926417626) Importer(815301076,1909f56bfc062723c751e8b465ee728b)  -> (artifact id: '55276603a8a482424fa353c6c48c0263') in 0.013282 seconds
  Import took 0.015594 seconds .

========================================================================
Received Import Request.
  Time since last request: 2.777239 seconds.
  path: Assets/Textures/Materials/Grass01.mat
  artifactKey: Guid(ce9ac22ae9e31f9418271ef9b81e2571) Importer(815301076,1909f56bfc062723c751e8b465ee728b)
Start importing Assets/Textures/Materials/Grass01.mat using Guid(ce9ac22ae9e31f9418271ef9b81e2571) Importer(815301076,1909f56bfc062723c751e8b465ee728b)  -> (artifact id: '4b29e8d036eb1940029eb9ca1341f871') in 0.027885 seconds
  Import took 0.030580 seconds .

========================================================================
Received Import Request.
  Time since last request: 0.000234 seconds.
  path: Assets/Textures/Materials/Sand02.mat
  artifactKey: Guid(d8295b1bbe5ffb64199fcbac0fc1ed43) Importer(815301076,1909f56bfc062723c751e8b465ee728b)
Start importing Assets/Textures/Materials/Sand02.mat using Guid(d8295b1bbe5ffb64199fcbac0fc1ed43) Importer(815301076,1909f56bfc062723c751e8b465ee728b)  -> (artifact id: 'c3229aea58349a78c2e568fe7198f1b2') in 0.379640 seconds
  Import took 0.383421 seconds .

========================================================================
Received Import Request.
  Time since last request: 0.000328 seconds.
  path: Assets/Textures/Materials/Mud02.mat
  artifactKey: Guid(3efb54a1d23a60e48a6cbf322233ee16) Importer(815301076,1909f56bfc062723c751e8b465ee728b)
Start importing Assets/Textures/Materials/Mud02.mat using Guid(3efb54a1d23a60e48a6cbf322233ee16) Importer(815301076,1909f56bfc062723c751e8b465ee728b)  -> (artifact id: '95a1ab60fe4f93392028e3cb3f72338d') in 0.037088 seconds
  Import took 0.041185 seconds .

========================================================================
Received Import Request.
  Time since last request: 0.000436 seconds.
  path: Assets/Textures/Materials/Sand01.mat
  artifactKey: Guid(43ec6acb38da11a418d578d1b0574654) Importer(815301076,1909f56bfc062723c751e8b465ee728b)
Start importing Assets/Textures/Materials/Sand01.mat using Guid(43ec6acb38da11a418d578d1b0574654) Importer(815301076,1909f56bfc062723c751e8b465ee728b)  -> (artifact id: '08bccfe72d9823fe09e38c73771713b3') in 0.031992 seconds
  Import took 0.035313 seconds .

========================================================================
Received Import Request.
  Time since last request: 0.000345 seconds.
  path: Assets/Textures/Materials/Mud01.mat
  artifactKey: Guid(1ac5b1fc69b973742b8ceedfe41421ea) Importer(815301076,1909f56bfc062723c751e8b465ee728b)
Start importing Assets/Textures/Materials/Mud01.mat using Guid(1ac5b1fc69b973742b8ceedfe41421ea) Importer(815301076,1909f56bfc062723c751e8b465ee728b)  -> (artifact id: 'ed7e0ab8cc4c77de39b2270e39470bcc') in 0.026657 seconds
  Import took 0.029194 seconds .

========================================================================
Received Import Request.
  Time since last request: 0.000254 seconds.
  path: Assets/Textures/Materials/Grass02.mat
  artifactKey: Guid(9ddfc89e93de4c8409e42a205285be22) Importer(815301076,1909f56bfc062723c751e8b465ee728b)
Start importing Assets/Textures/Materials/Grass02.mat using Guid(9ddfc89e93de4c8409e42a205285be22) Importer(815301076,1909f56bfc062723c751e8b465ee728b)  -> (artifact id: '57782ef558da798fbe015a4563bbc980') in 0.019485 seconds
  Import took 0.021809 seconds .

========================================================================
Received Import Request.
  Time since last request: 0.000192 seconds.
  path: Assets/Textures/Materials/Snow01.mat
  artifactKey: Guid(f1fbda223c4a6574983562979fd9c554) Importer(815301076,1909f56bfc062723c751e8b465ee728b)
Start importing Assets/Textures/Materials/Snow01.mat using Guid(f1fbda223c4a6574983562979fd9c554) Importer(815301076,1909f56bfc062723c751e8b465ee728b)  -> (artifact id: '5c29d276eb67c821cd58dea1a808ff21') in 0.391901 seconds
  Import took 0.395660 seconds .

========================================================================
Received Import Request.
  Time since last request: 0.000431 seconds.
  path: Assets/Textures/Materials/Sand03.mat
  artifactKey: Guid(a4c73e7fece8ac64bb37d729f4c4e0db) Importer(815301076,1909f56bfc062723c751e8b465ee728b)
Start importing Assets/Textures/Materials/Sand03.mat using Guid(a4c73e7fece8ac64bb37d729f4c4e0db) Importer(815301076,1909f56bfc062723c751e8b465ee728b)  -> (artifact id: '75b39e74d361600ae4e10374c592f07a') in 0.031104 seconds
  Import took 0.033990 seconds .

========================================================================
Received Import Request.
  Time since last request: 0.014328 seconds.
  path: Assets/Textures/Materials/Sand03.mat
  artifactKey: Guid(a4c73e7fece8ac64bb37d729f4c4e0db) Importer(815301076,1909f56bfc062723c751e8b465ee728b)
Start importing Assets/Textures/Materials/Sand03.mat using Guid(a4c73e7fece8ac64bb37d729f4c4e0db) Importer(815301076,1909f56bfc062723c751e8b465ee728b)  -> (artifact id: '75b39e74d361600ae4e10374c592f07a') in 0.028649 seconds
  Import took 0.031450 seconds .

========================================================================
Received Import Request.
  Time since last request: 0.411854 seconds.
  path: Assets/Textures/TerrainLayers/Grass01b.terrainlayer
  artifactKey: Guid(1c02fff21bbb6f247a36465ac8e05d01) Importer(815301076,1909f56bfc062723c751e8b465ee728b)
Start importing Assets/Textures/TerrainLayers/Grass01b.terrainlayer using Guid(1c02fff21bbb6f247a36465ac8e05d01) Importer(815301076,1909f56bfc062723c751e8b465ee728b)  -> (artifact id: 'bfb32d8880be0f7cba8651b247ff754f') in 0.017280 seconds
  Import took 0.020265 seconds .

========================================================================
Received Import Request.
  Time since last request: 0.000252 seconds.
  path: Assets/Textures/TerrainLayers/Mud02.terrainlayer
  artifactKey: Guid(e9861b63a4ea2d64bbaaeaea122eef89) Importer(815301076,1909f56bfc062723c751e8b465ee728b)
Start importing Assets/Textures/TerrainLayers/Mud02.terrainlayer using Guid(e9861b63a4ea2d64bbaaeaea122eef89) Importer(815301076,1909f56bfc062723c751e8b465ee728b)  -> (artifact id: 'b8729d6a040171f4089bae4a18ca2280') in 0.015094 seconds
  Import took 0.017305 seconds .

========================================================================
Received Import Request.
  Time since last request: 0.000232 seconds.
  path: Assets/Textures/TerrainLayers/Grass02.terrainlayer
  artifactKey: Guid(17dd155301044884f90e11062bb010f2) Importer(815301076,1909f56bfc062723c751e8b465ee728b)
Start importing Assets/Textures/TerrainLayers/Grass02.terrainlayer using Guid(17dd155301044884f90e11062bb010f2) Importer(815301076,1909f56bfc062723c751e8b465ee728b)  -> (artifact id: 'c28d64e70bde00abc8ef0b42c8717b95') in 0.015207 seconds
  Import took 0.017423 seconds .

========================================================================
Received Import Request.
  Time since last request: 0.000224 seconds.
  path: Assets/Textures/TerrainLayers/Sand02b.terrainlayer
  artifactKey: Guid(26ec55be73759804fb0dc413c8067fa3) Importer(815301076,1909f56bfc062723c751e8b465ee728b)
Start importing Assets/Textures/TerrainLayers/Sand02b.terrainlayer using Guid(26ec55be73759804fb0dc413c8067fa3) Importer(815301076,1909f56bfc062723c751e8b465ee728b)  -> (artifact id: 'fa8a7dd0efc88c81c6e0484afdfcfe75') in 0.016797 seconds
  Import took 0.019270 seconds .

========================================================================
Received Import Request.
  Time since last request: 0.000227 seconds.
  path: Assets/Textures/TerrainLayers/Grass02.terrainlayer
  artifactKey: Guid(17dd155301044884f90e11062bb010f2) Importer(815301076,1909f56bfc062723c751e8b465ee728b)
Start importing Assets/Textures/TerrainLayers/Grass02.terrainlayer using Guid(17dd155301044884f90e11062bb010f2) Importer(815301076,1909f56bfc062723c751e8b465ee728b)  -> (artifact id: 'c28d64e70bde00abc8ef0b42c8717b95') in 0.014400 seconds
  Import took 0.016751 seconds .

========================================================================
Received Import Request.
  Time since last request: 0.000243 seconds.
  path: Assets/Textures/TerrainLayers/Sand02.terrainlayer
  artifactKey: Guid(24be189fbf2e3214cafdb245f859e683) Importer(815301076,1909f56bfc062723c751e8b465ee728b)
Start importing Assets/Textures/TerrainLayers/Sand02.terrainlayer using Guid(24be189fbf2e3214cafdb245f859e683) Importer(815301076,1909f56bfc062723c751e8b465ee728b)  -> (artifact id: '712f30dbd5a8fe2c1a1cfad6da34392e') in 0.014471 seconds
  Import took 0.016815 seconds .

========================================================================
Received Import Request.
  Time since last request: 0.000224 seconds.
  path: Assets/Textures/TerrainLayers/Sand01.terrainlayer
  artifactKey: Guid(34eda41d29317ae418f8dcff1e83e633) Importer(815301076,1909f56bfc062723c751e8b465ee728b)
Start importing Assets/Textures/TerrainLayers/Sand01.terrainlayer using Guid(34eda41d29317ae418f8dcff1e83e633) Importer(815301076,1909f56bfc062723c751e8b465ee728b)  -> (artifact id: 'cb9d373f15c64011c5518c78d8a67e79') in 0.015045 seconds
  Import took 0.017365 seconds .

========================================================================
Received Import Request.
  Time since last request: 0.000209 seconds.
  path: Assets/Textures/TerrainLayers/Snow01.terrainlayer
  artifactKey: Guid(1918a41aedf6663478b382e1f0186793) Importer(815301076,1909f56bfc062723c751e8b465ee728b)
Start importing Assets/Textures/TerrainLayers/Snow01.terrainlayer using Guid(1918a41aedf6663478b382e1f0186793) Importer(815301076,1909f56bfc062723c751e8b465ee728b)  -> (artifact id: '8ae9a8ce24edf6487f78accea63d15ca') in 0.013465 seconds
  Import took 0.015711 seconds .

========================================================================
Received Import Request.
  Time since last request: 0.000232 seconds.
  path: Assets/Textures/TerrainLayers/Sand01.terrainlayer
  artifactKey: Guid(34eda41d29317ae418f8dcff1e83e633) Importer(815301076,1909f56bfc062723c751e8b465ee728b)
Start importing Assets/Textures/TerrainLayers/Sand01.terrainlayer using Guid(34eda41d29317ae418f8dcff1e83e633) Importer(815301076,1909f56bfc062723c751e8b465ee728b)  -> (artifact id: 'cb9d373f15c64011c5518c78d8a67e79') in 0.014268 seconds
  Import took 0.016428 seconds .

========================================================================
Received Import Request.
  Time since last request: 10.732487 seconds.
  path: Assets/Water/Water/Materials/Waterfall01_Cloud_a.mat
  artifactKey: Guid(3356189056df14b4a83974e15aa25d1b) Importer(815301076,1909f56bfc062723c751e8b465ee728b)
Start importing Assets/Water/Water/Materials/Waterfall01_Cloud_a.mat using Guid(3356189056df14b4a83974e15aa25d1b) Importer(815301076,1909f56bfc062723c751e8b465ee728b)  -> (artifact id: '6a90c9d0e08a2d28215b7dc0bf721860') in 0.014047 seconds
  Import took 0.017180 seconds .

========================================================================
Received Import Request.
  Time since last request: 3.814324 seconds.
  path: Assets/WaterFall/New folder
  artifactKey: Guid(3605589eb49001a49abd158b55eb21e5) Importer(815301076,1909f56bfc062723c751e8b465ee728b)
Start importing Assets/WaterFall/New folder using Guid(3605589eb49001a49abd158b55eb21e5) Importer(815301076,1909f56bfc062723c751e8b465ee728b)  -> (artifact id: '8465c510921878da3b2fb02f936544ae') in 0.008314 seconds
  Import took 0.011267 seconds .

========================================================================
Received Import Request.
  Time since last request: 482.252681 seconds.
  path: Assets/Scenes/Scene_Demo_Terrain.asset
  artifactKey: Guid(146871da37c44e547ac2b602577bf0a2) Importer(815301076,1909f56bfc062723c751e8b465ee728b)
Start importing Assets/Scenes/Scene_Demo_Terrain.asset using Guid(146871da37c44e547ac2b602577bf0a2) Importer(815301076,1909f56bfc062723c751e8b465ee728b) Tree prefab at index 0 is missing.

Tree prefab at index 1 is missing.

Tree prefab at index 2 is missing.

Tree prefab at index 3 is missing.

Tree prefab at index 4 is missing.

Tree prefab at index 5 is missing.

Tree prefab at index 6 is missing.

Tree prefab at index 7 is missing.

Tree prefab at index 8 is missing.

Tree prefab at index 9 is missing.

Tree prefab at index 10 is missing.

Tree prefab at index 11 is missing.

Tree prefab at index 12 is missing.

Tree prefab at index 13 is missing.

Tree prefab at index 14 is missing.

Tree prefab at index 15 is missing.

Tree prefab at index 16 is missing.

Tree prefab at index 17 is missing.

Tree prefab at index 18 is missing.

Tree prefab at index 19 is missing.

Tree prefab at index 20 is missing.

Tree prefab at index 21 is missing.

Tree prefab at index 22 is missing.

Tree prefab at index 23 is missing.

Tree prefab at index 24 is missing.

Tree prefab at index 25 is missing.

Tree prefab at index 26 is missing.

Tree prefab at index 27 is missing.

Tree prefab at index 28 is missing.

Tree prefab at index 29 is missing.

 -> (artifact id: 'd4502f19e2d2475a7b779d1d62b03134') in 0.235034 seconds
  Import took 0.250362 seconds .

AssetImportWorkerClient::OnTransportError - code=2 error=End of file
